<?xml version="1.0" encoding="UTF-8"?>
<beans xmlns="http://www.springframework.org/schema/beans"
       xmlns:xsi="http://www.w3.org/2001/XMLSchema-instance"
       xmlns:context="http://www.springframework.org/schema/context"
       xmlns:aop="http://www.springframework.org/schema/aop"
       xmlns:tx="http://www.springframework.org/schema/tx"
       xmlns:mvc="http://www.springframework.org/schema/mvc"
       xsi:schemaLocation="http://www.springframework.org/schema/beans http://www.springframework.org/schema/beans/spring-beans-3.0.xsd
       http://www.springframework.org/schema/context http://www.springframework.org/schema/context/spring-context-3.0.xsd
       http://www.springframework.org/schema/aop http://www.springframework.org/schema/aop/spring-aop-3.0.xsd
       http://www.springframework.org/schema/tx http://www.springframework.org/schema/tx/spring-tx-3.0.xsd
       http://www.springframework.org/schema/mvc http://www.springframework.org/schema/mvc/spring-mvc-3.0.xsd">


    <!--隐式的注入像@Autowired等注解-->
    <context:annotation-config/>

    <!--属性配置文件引入-->
    <bean class="org.springframework.beans.factory.config.PropertyPlaceholderConfigurer">
        <!--表示当找不到这个配置文件时，则跳过，这样就不会抛出FileNotFoundException了-->
        <property name="ignoreResourceNotFound" value="true" />
        <!--ignoreUnresolvablePlaceholders为是否忽略不可解析的Placeholder，如配置了多个PropertyPlaceholderConfigurer，则需设置为true-->
        <property name="ignoreUnresolvablePlaceholders" value="true" />
        <property name="locations">
            <list>
                <value>classpath:jdbc.properties</value>
            </list>
        </property>
    </bean>

    <!--归集各模块的spring配置文件;spring-mvc.xml配置在web.xml指定-->
    <import resource="classpath*:META-INF/spring/service-spring-context.xml" />

</beans>